2023-08-18T09:22:00.041Z [31merror[39m: ::1 undefined
2023-08-18T09:23:05.025Z [31merror[39m: ::1 Email string@gmail.com is already registered with us
2023-08-18T09:24:40.626Z [31merror[39m: ::1 Email string@gmail.com is already registered with us
2023-08-18T09:25:54.212Z [31merror[39m: ::1 Password seems to be incorrect
2023-08-18T09:26:07.946Z [31merror[39m: ::1 undefined
2023-08-18T09:28:00.808Z [31merror[39m: ::1 undefined
2023-08-18T09:28:38.210Z [31merror[39m: ::1 undefined
2023-08-18T09:29:18.042Z [31merror[39m: ::1 undefined
2023-08-18T09:30:17.037Z [31merror[39m: ::1 undefined
2023-08-18T09:32:19.618Z [31merror[39m: ::1 undefined
2023-08-18T09:32:50.093Z [31merror[39m: ::1 undefined
2023-08-18T09:32:59.684Z [31merror[39m: ::1 Password seems to be incorrect
2023-08-18T09:33:38.056Z [31merror[39m: ::1 Password seems to be incorrect
2023-08-18T11:12:40.772Z [31merror[39m: ::1 Cast to ObjectId failed for value "0" (type number) at path "_id" for model "user"
2023-08-19T05:11:56.765Z [31merror[39m: ::1 Cannot do exclusion on field _id in inclusion projection
2023-08-19T09:04:22.312Z [31merror[39m: ::1 "email" must be a valid email
2023-08-19T09:07:37.544Z [31merror[39m: ::1 "email" is required
2023-08-19T09:07:52.819Z [31merror[39m: ::1 "email" is required
2023-08-19T09:08:22.955Z [31merror[39m: ::1 "email" is required
2023-08-19T09:50:50.944Z [31merror[39m: ::1 "email" must be a valid email
2023-08-19T11:27:44.462Z [31merror[39m: ::1 alert is not defined
2023-08-19T12:00:44.177Z [31merror[39m: ::1 Missing credentials for "PLAIN"
